app/build/intermediates/manifest_merge_blame_file/release/manifest-merger-blame-release-report.txt
1<?xml version="1.0" encoding="utf-8"?>
2<manifest xmlns:android="http://schemas.android.com/apk/res/android"
3    package="com.namanbajaj.quizapp"
4    android:versionCode="3"
5    android:versionName="1.2" >
6
7    <uses-sdk
8        android:minSdkVersion="21"
8-->src\main\AndroidManifest.xml
9        android:targetSdkVersion="32" />
9-->src\main\AndroidManifest.xml
10
11    <uses-permission android:name="android.permission.READ_EXTERNAL_STORAGE" />
11-->src\main\AndroidManifest.xml:6:5-80
11-->src\main\AndroidManifest.xml:6:22-77
12
13    <application
13-->src\main\AndroidManifest.xml:8:5-58:19
14        android:allowBackup="true"
14-->src\main\AndroidManifest.xml:9:9-35
15        android:appComponentFactory="androidx.core.app.CoreComponentFactory"
15-->[androidx.core:core:1.8.0] AndroidManifest.xml:24:18-86
16        android:dataExtractionRules="@xml/data_extraction_rules"
16-->src\main\AndroidManifest.xml:10:9-65
17        android:fullBackupContent="@xml/backup_rules"
17-->src\main\AndroidManifest.xml:11:9-54
18        android:icon="@mipmap/ic_launcher"
18-->src\main\AndroidManifest.xml:12:9-43
19        android:label="@string/app_name"
19-->src\main\AndroidManifest.xml:13:9-41
20        android:roundIcon="@mipmap/ic_launcher"
20-->src\main\AndroidManifest.xml:14:9-48
21        android:supportsRtl="true"
21-->src\main\AndroidManifest.xml:15:9-35
22        android:theme="@style/Theme.QuizApp" >
22-->src\main\AndroidManifest.xml:16:9-45
23        <activity
23-->src\main\AndroidManifest.xml:18:9-21:51
24            android:name="com.namanbajaj.quizapp.AddOrEditQuiz"
24-->src\main\AndroidManifest.xml:19:13-42
25            android:exported="false"
25-->src\main\AndroidManifest.xml:20:13-37
26            android:screenOrientation="portrait" />
26-->src\main\AndroidManifest.xml:21:13-49
27        <activity
27-->src\main\AndroidManifest.xml:22:9-25:51
28            android:name="com.namanbajaj.quizapp.EditQuizQuestions"
28-->src\main\AndroidManifest.xml:23:13-46
29            android:exported="false"
29-->src\main\AndroidManifest.xml:24:13-37
30            android:screenOrientation="portrait" />
30-->src\main\AndroidManifest.xml:25:13-49
31        <activity
31-->src\main\AndroidManifest.xml:26:9-29:51
32            android:name="com.namanbajaj.quizapp.FinalScore"
32-->src\main\AndroidManifest.xml:27:13-39
33            android:exported="false"
33-->src\main\AndroidManifest.xml:28:13-37
34            android:screenOrientation="portrait" />
34-->src\main\AndroidManifest.xml:29:13-49
35        <activity
35-->src\main\AndroidManifest.xml:30:9-33:51
36            android:name="com.namanbajaj.quizapp.EditQuiz"
36-->src\main\AndroidManifest.xml:31:13-37
37            android:exported="false"
37-->src\main\AndroidManifest.xml:32:13-37
38            android:screenOrientation="portrait" />
38-->src\main\AndroidManifest.xml:33:13-49
39        <activity
39-->src\main\AndroidManifest.xml:34:9-37:51
40            android:name="com.namanbajaj.quizapp.NewQuiz"
40-->src\main\AndroidManifest.xml:35:13-36
41            android:exported="false"
41-->src\main\AndroidManifest.xml:36:13-37
42            android:screenOrientation="portrait" />
42-->src\main\AndroidManifest.xml:37:13-49
43        <activity
43-->src\main\AndroidManifest.xml:39:9-42:51
44            android:name="com.namanbajaj.quizapp.DoQuiz"
44-->src\main\AndroidManifest.xml:40:13-35
45            android:exported="false"
45-->src\main\AndroidManifest.xml:41:13-37
46            android:screenOrientation="portrait" />
46-->src\main\AndroidManifest.xml:42:13-49
47        <activity
47-->src\main\AndroidManifest.xml:43:9-52:20
48            android:name="com.namanbajaj.quizapp.QuizList"
48-->src\main\AndroidManifest.xml:44:13-37
49            android:exported="true"
49-->src\main\AndroidManifest.xml:45:13-36
50            android:screenOrientation="portrait" >
50-->src\main\AndroidManifest.xml:46:13-49
51            <intent-filter>
51-->src\main\AndroidManifest.xml:48:13-51:29
52                <action android:name="android.intent.action.MAIN" />
52-->src\main\AndroidManifest.xml:49:17-69
52-->src\main\AndroidManifest.xml:49:25-66
53
54                <category android:name="android.intent.category.LAUNCHER" />
54-->src\main\AndroidManifest.xml:50:17-77
54-->src\main\AndroidManifest.xml:50:27-74
55            </intent-filter>
56        </activity>
57        <activity
57-->src\main\AndroidManifest.xml:53:9-57:20
58            android:name="com.namanbajaj.quizapp.MainActivity"
58-->src\main\AndroidManifest.xml:54:13-41
59            android:exported="true"
59-->src\main\AndroidManifest.xml:55:13-36
60            android:screenOrientation="portrait" >
60-->src\main\AndroidManifest.xml:56:13-49
61        </activity>
62
63        <provider
63-->[androidx.emoji2:emoji2:1.2.0] AndroidManifest.xml:24:9-32:20
64            android:name="androidx.startup.InitializationProvider"
64-->[androidx.emoji2:emoji2:1.2.0] AndroidManifest.xml:25:13-67
65            android:authorities="com.namanbajaj.quizapp.androidx-startup"
65-->[androidx.emoji2:emoji2:1.2.0] AndroidManifest.xml:26:13-68
66            android:exported="false" >
66-->[androidx.emoji2:emoji2:1.2.0] AndroidManifest.xml:27:13-37
67            <meta-data
67-->[androidx.emoji2:emoji2:1.2.0] AndroidManifest.xml:29:13-31:52
68                android:name="androidx.emoji2.text.EmojiCompatInitializer"
68-->[androidx.emoji2:emoji2:1.2.0] AndroidManifest.xml:30:17-75
69                android:value="androidx.startup" />
69-->[androidx.emoji2:emoji2:1.2.0] AndroidManifest.xml:31:17-49
70            <meta-data
70-->[androidx.lifecycle:lifecycle-process:2.4.1] AndroidManifest.xml:31:13-33:52
71                android:name="androidx.lifecycle.ProcessLifecycleInitializer"
71-->[androidx.lifecycle:lifecycle-process:2.4.1] AndroidManifest.xml:32:17-78
72                android:value="androidx.startup" />
72-->[androidx.lifecycle:lifecycle-process:2.4.1] AndroidManifest.xml:33:17-49
73        </provider>
74    </application>
75
76</manifest>